ChemistryTools/proguard-project.txt
# To enable ProGuard in your project, edit project.properties
# to define the proguard.config property as described in that file.
#
# Add project specific ProGuard rules here.
# By default, the flags in this file are appended to flags specified
# in ${sdk.dir}/tools/proguard/proguard-android.txt
# You can edit the include path and order by changing the ProGuard
# include property in project.properties.
#
# For more details, see
#   http://developer.android.com/guide/developing/tools/proguard.html

# Add any project specific keep options here:

# If your project uses WebView with JS, uncomment the following
# and specify the fully qualified class name to the JavaScript interface
# class:
#-keepclassmembers class fqcn.of.javascript.interface.for.webview {
#   public *;
#}

-optimizationpasses 5
-keep class org.jdom2.** {*;}
-dontwarn org.jdom2.**
-libraryjars assets/jdom-2.0.5
-dontusemixedcaseclassnames
-dontskipnonpubliclibraryclasses
-dontwarn android.support.**
-verbose

-optimizations !code/simplification/arithmetic,!field/*,!class/merging/*
-dontpreverify


-keepattributes *Annotation* 
-keep public class * extends android.app.Activity
-keep public class * extends android.app.Application
-keep public class * extends android.app.Service
-keep public class * extends android.content.BroadcastReceiver
-keep public class * extends android.content.ContentProvider
-keep public class com.google.vending.licensing.ILicensingService
-keep public class com.android.vending.licensing.ILicensingService
-keep public class * extends android.support.v4.app.Fragment
-keep public class * extends android.app.Fragment

-keepclasseswithmembernames class * {
    native <methods>;
    public <init>(android.content.Context, android.util.AttributeSet);
    public <init>(android.content.Context, android.util.AttributeSet, int);
}

 -keepclassmembers public class * extends android.view.View {
  void set*(***);
  *** get*();
 }

-keepclassmembers enum * {
    public static **[] values();
    public static ** valueOf(java.lang.String);
}

-keep class * implements android.os.Parcelable {
  public static final android.os.Parcelable$Creator *;
}

-keepclassmembers class **.R$* {
  public static <fields>;
}