ChemistryTools/proguard/seeds.txt
com.charredgames.chemify.R$array: int problem_types
com.charredgames.chemify.R$color: int accent_bg
com.charredgames.chemify.R$color: int answer_bg
com.charredgames.chemify.R$color: int first_bg
com.charredgames.chemify.R$color: int generic_bg
com.charredgames.chemify.R$color: int input_bg
com.charredgames.chemify.R$color: int second_bg
com.charredgames.chemify.R$dimen: int activity_horizontal_margin
com.charredgames.chemify.R$dimen: int activity_vertical_margin
com.charredgames.chemify.R$drawable: int ic_action_settings
com.charredgames.chemify.R$drawable: int ic_bug
com.charredgames.chemify.R$drawable: int ic_launcher
com.charredgames.chemify.R$id: int about_about_chemify
com.charredgames.chemify.R$id: int about_app_developer
com.charredgames.chemify.R$id: int about_app_name
com.charredgames.chemify.R$id: int about_app_version
com.charredgames.chemify.R$id: int about_copyright
com.charredgames.chemify.R$id: int about_donation_line
com.charredgames.chemify.R$id: int about_release_info
com.charredgames.chemify.R$id: int action_activitySeries
com.charredgames.chemify.R$id: int action_bug
com.charredgames.chemify.R$id: int action_definitions
com.charredgames.chemify.R$id: int action_polyions
com.charredgames.chemify.R$id: int action_settings
com.charredgames.chemify.R$id: int ad
com.charredgames.chemify.R$id: int bugReport_email
com.charredgames.chemify.R$id: int bugReport_notes
com.charredgames.chemify.R$id: int edit_input
com.charredgames.chemify.R$id: int problem_answer
com.charredgames.chemify.R$id: int problem_input
com.charredgames.chemify.R$id: int problem_ionic
com.charredgames.chemify.R$id: int problem_nomenclature
com.charredgames.chemify.R$id: int problem_oxidation
com.charredgames.chemify.R$id: int problem_solubility
com.charredgames.chemify.R$id: int problem_type
com.charredgames.chemify.R$id: int problem_weight
com.charredgames.chemify.R$id: int resources_linear_parent
com.charredgames.chemify.R$id: int resources_tab
com.charredgames.chemify.R$id: int search_box
com.charredgames.chemify.R$id: int search_linear_parent
com.charredgames.chemify.R$id: int search_results
com.charredgames.chemify.R$layout: int activity_about
com.charredgames.chemify.R$layout: int activity_main
com.charredgames.chemify.R$layout: int bug_report
com.charredgames.chemify.R$layout: int firstboxtemplate
com.charredgames.chemify.R$layout: int problem_elementinfo
com.charredgames.chemify.R$layout: int problem_nomenclature
com.charredgames.chemify.R$layout: int problem_oxidation
com.charredgames.chemify.R$layout: int problem_reactions
com.charredgames.chemify.R$layout: int problem_solubility
com.charredgames.chemify.R$layout: int problem_weight
com.charredgames.chemify.R$layout: int resources_activity
com.charredgames.chemify.R$layout: int resources_search_activity
com.charredgames.chemify.R$layout: int secondboxtemplate
com.charredgames.chemify.R$menu: int main
com.charredgames.chemify.R$menu: int response
...
org.jdom2.output.DOMOutputter$1
org.jdom2.output.DOMOutputter$DefaultDOMOutputProcessor
org.jdom2.output.DOMOutputter$DefaultDOMOutputProcessor: DOMOutputter$DefaultDOMOutputProcessor()
org.jdom2.output.DOMOutputter$DefaultDOMOutputProcessor: DOMOutputter$DefaultDOMOutputProcessor(org.jdom2.output.DOMOutputter$1)
org.jdom2.output.EscapeStrategy
org.jdom2.output.EscapeStrategy: boolean shouldEscape(char)
org.jdom2.output.Format
org.jdom2.output.Format: org.jdom2.output.EscapeStrategy UTFEscapeStrategy
org.jdom2.output.Format: org.jdom2.output.EscapeStrategy Bits8EscapeStrategy
org.jdom2.output.Format: org.jdom2.output.EscapeStrategy Bits7EscapeStrategy
org.jdom2.output.Format: org.jdom2.output.EscapeStrategy DefaultEscapeStrategy
org.jdom2.output.Format: java.lang.String STANDARD_INDENT
org.jdom2.output.Format: java.lang.String STANDARD_LINE_SEPARATOR
org.jdom2.output.Format: java.lang.String STANDARD_ENCODING
org.jdom2.output.Format: java.lang.String indent
org.jdom2.output.Format: java.lang.String lineSeparator
org.jdom2.output.Format: java.lang.String encoding
org.jdom2.output.Format: boolean omitDeclaration
org.jdom2.output.Format: boolean omitEncoding
org.jdom2.output.Format: boolean specifiedAttributesOnly
org.jdom2.output.Format: boolean expandEmptyElements
org.jdom2.output.Format: boolean ignoreTrAXEscapingPIs
org.jdom2.output.Format: org.jdom2.output.Format$TextMode mode
org.jdom2.output.Format: org.jdom2.output.EscapeStrategy escapeStrategy
org.jdom2.output.Format: org.jdom2.output.Format getRawFormat()
org.jdom2.output.Format: org.jdom2.output.Format getPrettyFormat()
org.jdom2.output.Format: org.jdom2.output.Format getCompactFormat()
org.jdom2.output.Format: java.lang.String compact(java.lang.String)
org.jdom2.output.Format: java.lang.String trimRight(java.lang.String)
org.jdom2.output.Format: java.lang.String trimLeft(java.lang.String)
org.jdom2.output.Format$1
org.jdom2.output.Format$1: Format$1()
org.jdom2.output.Format$1: boolean shouldEscape(char)
org.jdom2.output.Format$DefaultCharsetEscapeStrategy
org.jdom2.output.Format$DefaultCharsetEscapeStrategy: java.nio.charset.CharsetEncoder encoder
org.jdom2.output.Format$DefaultCharsetEscapeStrategy: Format$DefaultCharsetEscapeStrategy(java.nio.charset.CharsetEncoder)
org.jdom2.output.Format$DefaultCharsetEscapeStrategy: boolean shouldEscape(char)
org.jdom2.output.Format$EscapeStrategy7Bits
org.jdom2.output.Format$EscapeStrategy7Bits: Format$EscapeStrategy7Bits()
org.jdom2.output.Format$EscapeStrategy7Bits: boolean shouldEscape(char)
org.jdom2.output.Format$EscapeStrategy7Bits: Format$EscapeStrategy7Bits(org.jdom2.output.Format$1)
org.jdom2.output.Format$EscapeStrategy8Bits
org.jdom2.output.Format$EscapeStrategy8Bits: Format$EscapeStrategy8Bits()
org.jdom2.output.Format$EscapeStrategy8Bits: boolean shouldEscape(char)
org.jdom2.output.Format$EscapeStrategy8Bits: Format$EscapeStrategy8Bits(org.jdom2.output.Format$1)
org.jdom2.output.Format$EscapeStrategyUTF
org.jdom2.output.Format$EscapeStrategyUTF: Format$EscapeStrategyUTF()
org.jdom2.output.Format$EscapeStrategyUTF: boolean shouldEscape(char)
org.jdom2.output.Format$EscapeStrategyUTF: Format$EscapeStrategyUTF(org.jdom2.output.Format$1)
org.jdom2.output.Format$TextMode
org.jdom2.output.Format$TextMode: org.jdom2.output.Format$TextMode PRESERVE
org.jdom2.output.Format$TextMode: org.jdom2.output.Format$TextMode TRIM
org.jdom2.output.Format$TextMode: org.jdom2.output.Format$TextMode NORMALIZE
org.jdom2.output.Format$TextMode: org.jdom2.output.Format$TextMode TRIM_FULL_WHITE
org.jdom2.output.Format$TextMode: org.jdom2.output.Format$TextMode[] $VALUES
org.jdom2.output.Format$TextMode: org.jdom2.output.Format$TextMode[] values()
org.jdom2.output.Format$TextMode: org.jdom2.output.Format$TextMode valueOf(java.lang.String)
org.jdom2.output.Format$TextMode: Format$TextMode(java.lang.String,int)
org.jdom2.output.Format$TextMode: void <clinit>()