ChemistryTools/proguard/mapping.txt
com.charredgames.chemify.Controller -> com.charredgames.chemify.a:
    android.content.res.AssetManager assets -> k
    java.util.ArrayList types -> a
    java.util.ArrayList prefixes -> b
    android.util.SparseArray romanNumerals -> c
    java.util.Locale _LOCALE -> d
    boolean autoFormat -> e
    boolean calculateReasoning -> f
    boolean sendUsage -> g
    java.util.Map reactionSymbols -> h
    android.content.Context context -> i
    android.content.res.Resources resources -> j
    void reset(android.content.res.AssetManager) -> a
    java.lang.String replaceReactionSymbols(java.lang.String) -> a
    java.lang.String convertIntToNumeral(int) -> a
    int convertNumeralToInt(java.lang.String) -> b
    void setElements(java.lang.String) -> e
    void setIons(java.lang.String) -> f
    void setDefinitions(java.lang.String) -> g
    java.io.File getFileFromStream(java.lang.String,java.io.InputStream) -> a
    com.charredgames.chemify.constant.Ion getIon(java.lang.String) -> c
    java.lang.String stripHtmlTags(java.lang.String) -> d
    void reloadSettings(android.content.Context) -> a
    int getGCD(int,int) -> a
    int getGCD(java.util.ArrayList) -> a
    java.lang.String normalizeString(java.lang.String,boolean) -> a
    void sendUsageReport(java.lang.String,com.charredgames.chemify.problems.Problem) -> a
com.charredgames.chemify.activity.AboutActivity -> com.charredgames.chemify.activity.AboutActivity:
    void onCreate(android.os.Bundle) -> onCreate
    void responseClicked(android.view.View) -> responseClicked
com.charredgames.chemify.activity.ActivitySeriesActivity -> com.charredgames.chemify.activity.ActivitySeriesActivity:
    void onCreate(android.os.Bundle) -> onCreate
    void responseClicked(android.view.View) -> responseClicked
com.charredgames.chemify.activity.BugReport -> com.charredgames.chemify.activity.BugReport:
    java.lang.String[] report -> a
    android.app.Dialog onCreateDialog(android.os.Bundle) -> onCreateDialog
    java.lang.String[] access$0(com.charredgames.chemify.activity.BugReport) -> a
com.charredgames.chemify.activity.BugReport$1 -> com.charredgames.chemify.activity.a:
    com.charredgames.chemify.activity.BugReport this$0 -> a
    android.view.View val$layout -> b
    void onClick(android.content.DialogInterface,int) -> onClick
com.charredgames.chemify.activity.BugReport$2 -> com.charredgames.chemify.activity.b:
    com.charredgames.chemify.activity.BugReport this$0 -> a
    void onClick(android.content.DialogInterface,int) -> onClick
com.charredgames.chemify.activity.DefinitionsActivity -> com.charredgames.chemify.activity.DefinitionsActivity:
    java.lang.String search -> a
    void onCreate(android.os.Bundle) -> onCreate
    void fillResults() -> a
    void responseClicked(android.view.View) -> responseClicked
    void access$0(com.charredgames.chemify.activity.DefinitionsActivity,java.lang.String) -> a
    void access$1(com.charredgames.chemify.activity.DefinitionsActivity) -> a
com.charredgames.chemify.activity.DefinitionsActivity$1 -> com.charredgames.chemify.activity.c:
    com.charredgames.chemify.activity.DefinitionsActivity this$0 -> a
    void afterTextChanged(android.text.Editable) -> afterTextChanged
    void beforeTextChanged(java.lang.CharSequence,int,int,int) -> beforeTextChanged
    void onTextChanged(java.lang.CharSequence,int,int,int) -> onTextChanged
com.charredgames.chemify.activity.ElementEdit -> com.charredgames.chemify.activity.ElementEdit:
    void onCreate(android.os.Bundle) -> onCreate
...
org.jdom2.transform.XSLTransformException -> org.jdom2.transform.XSLTransformException:
    long serialVersionUID -> serialVersionUID
org.jdom2.transform.XSLTransformer -> org.jdom2.transform.XSLTransformer:
    javax.xml.transform.Templates templates -> templates
    org.jdom2.JDOMFactory factory -> factory
    java.util.List transform(java.util.List) -> transform
    org.jdom2.Document transform(org.jdom2.Document) -> transform
    org.jdom2.Document transform(org.jdom2.Document,org.xml.sax.EntityResolver) -> transform
    void setFactory(org.jdom2.JDOMFactory) -> setFactory
    org.jdom2.JDOMFactory getFactory() -> getFactory
org.jdom2.util.IteratorIterable -> org.jdom2.util.IteratorIterable:
org.jdom2.util.NamespaceStack -> org.jdom2.util.NamespaceStack:
    org.jdom2.Namespace[] EMPTY -> EMPTY
    java.lang.Iterable EMPTYITER -> EMPTYITER
    java.util.Comparator NSCOMP -> NSCOMP
    org.jdom2.Namespace[] DEFAULTSEED -> DEFAULTSEED
    org.jdom2.Namespace[][] added -> added
    org.jdom2.Namespace[][] scope -> scope
    int depth -> depth
    int binarySearch(org.jdom2.Namespace[],int,int,org.jdom2.Namespace) -> binarySearch
    org.jdom2.Namespace[] checkNamespace(java.util.List,org.jdom2.Namespace,org.jdom2.Namespace[]) -> checkNamespace
    void push(org.jdom2.Element) -> push
    void push(org.jdom2.Attribute) -> push
    void pushStack(org.jdom2.Namespace,org.jdom2.Namespace[],java.util.List) -> pushStack
    void pop() -> pop
    java.lang.Iterable addedForward() -> addedForward
    java.lang.Iterable addedReverse() -> addedReverse
    java.util.Iterator iterator() -> iterator
    org.jdom2.Namespace[] getScope() -> getScope
    boolean isInScope(org.jdom2.Namespace) -> isInScope
org.jdom2.util.NamespaceStack$1 -> org.jdom2.util.NamespaceStack$1:
    int compare(org.jdom2.Namespace,org.jdom2.Namespace) -> compare
    int compare(java.lang.Object,java.lang.Object) -> compare
org.jdom2.util.NamespaceStack$BackwardWalker -> org.jdom2.util.NamespaceStack$BackwardWalker:
    org.jdom2.Namespace[] namespaces -> namespaces
    int cursor -> cursor
    boolean hasNext() -> hasNext
    org.jdom2.Namespace next() -> next
    void remove() -> remove
    java.lang.Object next() -> next
org.jdom2.util.NamespaceStack$EmptyIterable -> org.jdom2.util.NamespaceStack$EmptyIterable:
    java.util.Iterator iterator() -> iterator
    boolean hasNext() -> hasNext
    org.jdom2.Namespace next() -> next
    void remove() -> remove
    java.lang.Object next() -> next
org.jdom2.util.NamespaceStack$ForwardWalker -> org.jdom2.util.NamespaceStack$ForwardWalker:
    org.jdom2.Namespace[] namespaces -> namespaces
    int cursor -> cursor
    boolean hasNext() -> hasNext
    org.jdom2.Namespace next() -> next
    void remove() -> remove
    java.lang.Object next() -> next
org.jdom2.util.NamespaceStack$NamespaceIterable -> org.jdom2.util.NamespaceStack$NamespaceIterable:
    boolean forward -> forward
    org.jdom2.Namespace[] namespaces -> namespaces
    java.util.Iterator iterator() -> iterator