ChemistryTools/proguard/usage.txt
com.charredgames.chemify.BuildConfig
com.charredgames.chemify.Controller:
    public static final java.lang.String _VERSION
    public static final java.lang.String _GENERIC_PLUS_SIGN
    public static final java.lang.String _GENERIC_YIELDS_SIGN
    44:44:public Controller()
com.charredgames.chemify.Info
com.charredgames.chemify.R
com.charredgames.chemify.R$array
com.charredgames.chemify.R$attr
com.charredgames.chemify.R$color
com.charredgames.chemify.R$dimen
com.charredgames.chemify.R$drawable
com.charredgames.chemify.R$id
com.charredgames.chemify.R$layout
com.charredgames.chemify.R$menu
com.charredgames.chemify.R$string
com.charredgames.chemify.R$style
com.charredgames.chemify.R$xml
com.charredgames.chemify.activity.MainActivity:
    public static final java.lang.String EXTRA_MESSAGE
    private static final java.lang.String STATE_INPUT
    private static final java.lang.String STATE_PTYPE
com.charredgames.chemify.activity.Response:
    private static final java.lang.String STATE_INPUT
    private static final java.lang.String STATE_OPERATION
com.charredgames.chemify.constant.BondType
com.charredgames.chemify.constant.Compound:
    17:20:public Compound(java.util.ArrayList,int)
    69:71:public void addElementGroup(com.charredgames.chemify.constant.ElementGroup)
    93:93:public int getNumberOfElementGroups()
    147:148:public void setMatterState(com.charredgames.chemify.constant.MatterState)
    366:387:public boolean containsOnlyElementsInCompound(com.charredgames.chemify.constant.Compound)
    391:399:public com.charredgames.chemify.constant.Compound cloneCompound()
    428:431:public boolean containsPolyatomics()
com.charredgames.chemify.constant.Constant
com.charredgames.chemify.constant.Definition:
    55:58:public static com.charredgames.chemify.constant.Definition getDefinitionByWord(java.lang.String)
com.charredgames.chemify.constant.ElementGroup:
    112:113:public void multiplyAllSets(double)
com.charredgames.chemify.constant.Equation:
    20:23:public Equation(java.util.ArrayList,java.util.ArrayList)
    35:36:public boolean hasReactants()
    48:49:public java.util.ArrayList getCompounds(int)
com.charredgames.chemify.constant.Ion:
    31:33:public boolean compareElements(java.lang.String)
    53:62:public boolean compoundMatches(com.charredgames.chemify.constant.Compound)
com.charredgames.chemify.constant.MatterState:
    14:14:public java.lang.String getSymbol()
com.charredgames.chemify.constant.Unit
com.charredgames.chemify.constant.UnitType
com.charredgames.chemify.problems.DimensionalAnalysis
com.charredgames.chemify.problems.HessEquation
com.charredgames.chemify.problems.Problem:
    protected java.lang.String leftSide
    protected java.lang.String rightSide
    34:37:public Problem(java.util.ArrayList)
    348:348:public com.charredgames.chemify.problems.ResponseType getType()
com.charredgames.chemify.problems.Stoichiometry
com.charredgames.chemify.problems.ThermoEquation
com.charredgames.chemify.problems.Weight:
    22:23:public Weight(java.util.ArrayList)
...
android.support.v4.view.accessibility.AccessibilityManagerCompat$AccessibilityManagerVersionImpl
android.support.v4.view.accessibility.AccessibilityManagerCompat$AccessibilityStateChangeListenerCompat
android.support.v4.view.accessibility.AccessibilityManagerCompatIcs
android.support.v4.view.accessibility.AccessibilityManagerCompatIcs$1
android.support.v4.view.accessibility.AccessibilityManagerCompatIcs$AccessibilityStateChangeListenerBridge
android.support.v4.view.accessibility.AccessibilityNodeInfoCompat
android.support.v4.view.accessibility.AccessibilityNodeInfoCompat$AccessibilityNodeInfoIcsImpl
android.support.v4.view.accessibility.AccessibilityNodeInfoCompat$AccessibilityNodeInfoImpl
android.support.v4.view.accessibility.AccessibilityNodeInfoCompat$AccessibilityNodeInfoJellybeanImpl
android.support.v4.view.accessibility.AccessibilityNodeInfoCompat$AccessibilityNodeInfoJellybeanMr2Impl
android.support.v4.view.accessibility.AccessibilityNodeInfoCompat$AccessibilityNodeInfoKitKatImpl
android.support.v4.view.accessibility.AccessibilityNodeInfoCompat$AccessibilityNodeInfoStubImpl
android.support.v4.view.accessibility.AccessibilityNodeInfoCompatIcs
android.support.v4.view.accessibility.AccessibilityNodeInfoCompatJellyBean
android.support.v4.view.accessibility.AccessibilityNodeInfoCompatJellybeanMr2
android.support.v4.view.accessibility.AccessibilityNodeInfoCompatKitKat
android.support.v4.view.accessibility.AccessibilityNodeProviderCompat
android.support.v4.view.accessibility.AccessibilityNodeProviderCompat$AccessibilityNodeProviderImpl
android.support.v4.view.accessibility.AccessibilityNodeProviderCompat$AccessibilityNodeProviderJellyBeanImpl
android.support.v4.view.accessibility.AccessibilityNodeProviderCompat$AccessibilityNodeProviderJellyBeanImpl$1
android.support.v4.view.accessibility.AccessibilityNodeProviderCompat$AccessibilityNodeProviderKitKatImpl
android.support.v4.view.accessibility.AccessibilityNodeProviderCompat$AccessibilityNodeProviderKitKatImpl$1
android.support.v4.view.accessibility.AccessibilityNodeProviderCompat$AccessibilityNodeProviderStubImpl
android.support.v4.view.accessibility.AccessibilityNodeProviderCompatJellyBean
android.support.v4.view.accessibility.AccessibilityNodeProviderCompatJellyBean$1
android.support.v4.view.accessibility.AccessibilityNodeProviderCompatJellyBean$AccessibilityNodeInfoBridge
android.support.v4.view.accessibility.AccessibilityNodeProviderCompatKitKat
android.support.v4.view.accessibility.AccessibilityNodeProviderCompatKitKat$1
android.support.v4.view.accessibility.AccessibilityNodeProviderCompatKitKat$AccessibilityNodeInfoBridge
android.support.v4.view.accessibility.AccessibilityRecordCompat
android.support.v4.view.accessibility.AccessibilityRecordCompat$AccessibilityRecordIcsImpl
android.support.v4.view.accessibility.AccessibilityRecordCompat$AccessibilityRecordIcsMr1Impl
android.support.v4.view.accessibility.AccessibilityRecordCompat$AccessibilityRecordImpl
android.support.v4.view.accessibility.AccessibilityRecordCompat$AccessibilityRecordJellyBeanImpl
android.support.v4.view.accessibility.AccessibilityRecordCompat$AccessibilityRecordStubImpl
android.support.v4.view.accessibility.AccessibilityRecordCompatIcs
android.support.v4.view.accessibility.AccessibilityRecordCompatIcsMr1
android.support.v4.view.accessibility.AccessibilityRecordCompatJellyBean
android.support.v4.widget.AutoScrollHelper
android.support.v4.widget.AutoScrollHelper$1
android.support.v4.widget.AutoScrollHelper$ClampedScroller
android.support.v4.widget.AutoScrollHelper$ScrollAnimationRunnable
android.support.v4.widget.ContentLoadingProgressBar
android.support.v4.widget.ContentLoadingProgressBar$1
android.support.v4.widget.ContentLoadingProgressBar$2
android.support.v4.widget.CursorAdapter
android.support.v4.widget.CursorAdapter$1
android.support.v4.widget.CursorAdapter$ChangeObserver
android.support.v4.widget.CursorAdapter$MyDataSetObserver
android.support.v4.widget.CursorFilter